============================================================================================== 
Warning! Mixing Conda and module environments may lead to corruption of the
user environment. 
We do not recommend users mixing those two environments unless absolutely
necessary. Note that 
SURF does not provide any support for Conda environment.
For more information, please refer to our software policy page:
https://servicedesk.surf.nl/wiki/display/WIKI/Software+policy+Snellius#SoftwarepolicySnellius-UseofAnacondaandMinicondaenvironmentsonSnellius 

Remember that many packages have already been installed on the system and can
be loaded using 
the 'module load <package__name>' command. If you are uncertain if a package is
already available 
on the system, please use 'module avail' or 'module spider' to search for it.
============================================================================================== 
Arguments:
batch_size: 64
valid_ratio: 0.75
augmentations: False
pretrained: False
num_epochs: 30
train_strats: ['fgsm']
visualise: False
epsilon_fgsm: 0.1
alpha_fgsm: 0.5
epsilon_pgd: 0.01
alpha_pgd: 2
num_iter_pgd: 10
save_dir: 
test_crossover_defense: True
Device: cuda
training_strategy: fgsm
Loading model
Loading data
Files already downloaded and verified
Files already downloaded and verified
Training model
Epoch 0/29
----------
train Loss: 1.8716 Acc: 0.3500
val Loss: 1.7250 Acc: 0.3926
Epoch 1/29
----------
train Loss: 1.5987 Acc: 0.4878
val Loss: 1.4489 Acc: 0.4717
Epoch 2/29
----------
train Loss: 1.4772 Acc: 0.5533
val Loss: 1.3630 Acc: 0.5054
Epoch 3/29
----------
train Loss: 1.3876 Acc: 0.5991
val Loss: 1.2999 Acc: 0.5328
Epoch 4/29
----------
train Loss: 1.3127 Acc: 0.6345
val Loss: 1.2605 Acc: 0.5425
Epoch 5/29
----------
train Loss: 1.2421 Acc: 0.6660
val Loss: 1.1341 Acc: 0.5826
Epoch 6/29
----------
train Loss: 1.1739 Acc: 0.6947
val Loss: 1.1181 Acc: 0.5953
Epoch 7/29
----------
train Loss: 1.0852 Acc: 0.7310
val Loss: 1.1057 Acc: 0.6017
Epoch 8/29
----------
train Loss: 1.0727 Acc: 0.7383
val Loss: 1.0822 Acc: 0.6096
Epoch 9/29
----------
train Loss: 1.0610 Acc: 0.7424
val Loss: 1.1002 Acc: 0.6024
Epoch 10/29
----------
train Loss: 1.0515 Acc: 0.7442
val Loss: 1.1104 Acc: 0.6014
Epoch 11/29
----------
train Loss: 1.0430 Acc: 0.7477
val Loss: 1.0754 Acc: 0.6102
Epoch 12/29
----------
train Loss: 1.0327 Acc: 0.7536
val Loss: 1.1111 Acc: 0.5977
Epoch 13/29
----------
train Loss: 1.0216 Acc: 0.7560
val Loss: 1.1021 Acc: 0.6058
Epoch 14/29
----------
train Loss: 1.0107 Acc: 0.7608
val Loss: 1.0683 Acc: 0.6124
Epoch 15/29
----------
train Loss: 1.0110 Acc: 0.7605
val Loss: 1.1189 Acc: 0.5994
Epoch 16/29
----------
train Loss: 1.0080 Acc: 0.7614
val Loss: 1.0628 Acc: 0.6137
Epoch 17/29
----------
train Loss: 1.0082 Acc: 0.7617
val Loss: 1.0768 Acc: 0.6100
Epoch 18/29
----------
train Loss: 1.0064 Acc: 0.7624
val Loss: 1.0996 Acc: 0.6020
Epoch 19/29
----------
train Loss: 1.0056 Acc: 0.7618
val Loss: 1.0565 Acc: 0.6180
Epoch 20/29
----------
train Loss: 1.0049 Acc: 0.7628
val Loss: 1.0966 Acc: 0.6063
Epoch 21/29
----------
train Loss: 1.0032 Acc: 0.7627
val Loss: 1.0802 Acc: 0.6104
Epoch 22/29
----------
train Loss: 1.0049 Acc: 0.7611
val Loss: 1.1115 Acc: 0.6017
Epoch 23/29
----------
train Loss: 1.0032 Acc: 0.7629
val Loss: 1.0794 Acc: 0.6110
Epoch 24/29
----------
