============================================================================================== 
Warning! Mixing Conda and module environments may lead to corruption of the
user environment. 
We do not recommend users mixing those two environments unless absolutely
necessary. Note that 
SURF does not provide any support for Conda environment.
For more information, please refer to our software policy page:
https://servicedesk.surf.nl/wiki/display/WIKI/Software+policy+Snellius#SoftwarepolicySnellius-UseofAnacondaandMinicondaenvironmentsonSnellius 

Remember that many packages have already been installed on the system and can
be loaded using 
the 'module load <package__name>' command. If you are uncertain if a package is
already available 
on the system, please use 'module avail' or 'module spider' to search for it.
============================================================================================== 
Arguments:
batch_size: 64
valid_ratio: 0.75
augmentations: True
pretrained: False
num_epochs: 30
train_strats: ['standard']
visualise: False
epsilon_fgsm: 0.1
alpha_fgsm: 0.5
epsilon_pgd: 0.01
alpha_pgd: 2
num_iter_pgd: 10
save_dir: 
test_crossover_defense: False
Device: cuda
training_strategy: standard
Loading model
Loading data
Files already downloaded and verified
Files already downloaded and verified
Training model
Epoch 0/29
----------
train Loss: 1.8191 Acc: 0.3234
val Loss: 1.5170 Acc: 0.4272
Epoch 1/29
----------
train Loss: 1.4847 Acc: 0.4500
val Loss: 1.3019 Acc: 0.5167
Epoch 2/29
----------
train Loss: 1.3439 Acc: 0.5104
val Loss: 1.2456 Acc: 0.5365
Epoch 3/29
----------
train Loss: 1.2444 Acc: 0.5499
val Loss: 1.1423 Acc: 0.5784
Epoch 4/29
----------
train Loss: 1.1504 Acc: 0.5871
val Loss: 1.0384 Acc: 0.6177
Epoch 5/29
----------
train Loss: 1.0762 Acc: 0.6157
val Loss: 0.9860 Acc: 0.6392
Epoch 6/29
----------
train Loss: 1.0167 Acc: 0.6368
val Loss: 0.9081 Acc: 0.6704
Epoch 7/29
----------
train Loss: 0.9444 Acc: 0.6629
val Loss: 0.8871 Acc: 0.6733
Epoch 8/29
----------
train Loss: 0.9218 Acc: 0.6692
val Loss: 0.8802 Acc: 0.6760
Epoch 9/29
----------
train Loss: 0.9180 Acc: 0.6741
val Loss: 0.8735 Acc: 0.6798
Epoch 10/29
----------
train Loss: 0.9100 Acc: 0.6766
val Loss: 0.8677 Acc: 0.6781
Epoch 11/29
----------
train Loss: 0.9015 Acc: 0.6786
val Loss: 0.8609 Acc: 0.6858
Epoch 12/29
----------
train Loss: 0.8959 Acc: 0.6802
val Loss: 0.8591 Acc: 0.6827
Epoch 13/29
----------
train Loss: 0.8950 Acc: 0.6796
val Loss: 0.8518 Acc: 0.6835
Epoch 14/29
----------
train Loss: 0.8803 Acc: 0.6856
val Loss: 0.8476 Acc: 0.6903
Epoch 15/29
----------
train Loss: 0.8815 Acc: 0.6853
val Loss: 0.8428 Acc: 0.6888
Epoch 16/29
----------
train Loss: 0.8794 Acc: 0.6848
val Loss: 0.8413 Acc: 0.6925
Epoch 17/29
----------
train Loss: 0.8793 Acc: 0.6861
val Loss: 0.8455 Acc: 0.6874
Epoch 18/29
----------
train Loss: 0.8826 Acc: 0.6856
val Loss: 0.8436 Acc: 0.6882
Epoch 19/29
----------
train Loss: 0.8811 Acc: 0.6853
val Loss: 0.8416 Acc: 0.6904
Epoch 20/29
----------
train Loss: 0.8787 Acc: 0.6844
val Loss: 0.8388 Acc: 0.6928
Epoch 21/29
----------
train Loss: 0.8774 Acc: 0.6858
val Loss: 0.8433 Acc: 0.6896
Epoch 22/29
----------
train Loss: 0.8769 Acc: 0.6865
val Loss: 0.8394 Acc: 0.6939
Epoch 23/29
----------
train Loss: 0.8788 Acc: 0.6864
val Loss: 0.8412 Acc: 0.6905
Epoch 24/29
----------
train Loss: 0.8773 Acc: 0.6883
val Loss: 0.8451 Acc: 0.6872
Epoch 25/29
----------
train Loss: 0.8755 Acc: 0.6876
val Loss: 0.8380 Acc: 0.6964
Epoch 26/29
----------
train Loss: 0.8804 Acc: 0.6855
val Loss: 0.8434 Acc: 0.6921
Epoch 27/29
----------
train Loss: 0.8792 Acc: 0.6871
val Loss: 0.8382 Acc: 0.6949
Epoch 28/29
----------
train Loss: 0.8785 Acc: 0.6870
val Loss: 0.8381 Acc: 0.6944
Epoch 29/29
----------
train Loss: 0.8767 Acc: 0.6879
val Loss: 0.8384 Acc: 0.6925
Training complete in 4m 8s
Best val Acc: 0.696372
Testing model
Accuracy of the network on the test set: 70 %
Testing adversarial attacks
Attack fgsm, args: {'alpha': 0.5, 'epsilon': 0.1}
Test Accuracy = 408 / 2500 = 0.1632
Attack pgd, args: {'alpha': 2, 'epsilon': 0.01, 'num_iter': 10}
Test Accuracy = 515 / 2500 = 0.206

JOB STATISTICS
==============
Job ID: 8952509
Cluster: snellius
User/Group: scur2818/scur2818
State: COMPLETED (exit code 0)
Nodes: 1
Cores per node: 18
CPU Utilized: 00:15:24
CPU Efficiency: 12.74% of 02:00:54 core-walltime
Job Wall-clock time: 00:06:43
Memory Utilized: 873.93 MB
Memory Efficiency: 2.73% of 31.25 GB
