============================================================================================== 
Warning! Mixing Conda and module environments may lead to corruption of the
user environment. 
We do not recommend users mixing those two environments unless absolutely
necessary. Note that 
SURF does not provide any support for Conda environment.
For more information, please refer to our software policy page:
https://servicedesk.surf.nl/wiki/display/WIKI/Software+policy+Snellius#SoftwarepolicySnellius-UseofAnacondaandMinicondaenvironmentsonSnellius 

Remember that many packages have already been installed on the system and can
be loaded using 
the 'module load <package__name>' command. If you are uncertain if a package is
already available 
on the system, please use 'module avail' or 'module spider' to search for it.
============================================================================================== 
Arguments:
batch_size: 64
valid_ratio: 0.75
augmentations: True
pretrained: False
num_epochs: 30
train_strats: ['fgsm']
visualise: False
epsilon_fgsm: 0.1
alpha_fgsm: 0.5
epsilon_pgd: 0.01
alpha_pgd: 2
num_iter_pgd: 10
save_dir: 
test_crossover_defense: False
Device: cuda
training_strategy: fgsm
Loading model
Loading data
Files already downloaded and verified
Files already downloaded and verified
Training model
Epoch 0/29
----------
train Loss: 1.9803 Acc: 0.2887
val Loss: 1.6416 Acc: 0.3880
Epoch 1/29
----------
train Loss: 1.7267 Acc: 0.4155
val Loss: 1.4709 Acc: 0.4480
Epoch 2/29
----------
train Loss: 1.6511 Acc: 0.4615
val Loss: 1.4070 Acc: 0.4785
Epoch 3/29
----------
train Loss: 1.5971 Acc: 0.4916
val Loss: 1.3199 Acc: 0.5083
Epoch 4/29
----------
train Loss: 1.5585 Acc: 0.5127
val Loss: 1.2823 Acc: 0.5269
Epoch 5/29
----------
train Loss: 1.5217 Acc: 0.5347
val Loss: 1.2547 Acc: 0.5408
Epoch 6/29
----------
train Loss: 1.4886 Acc: 0.5489
val Loss: 1.2252 Acc: 0.5512
Epoch 7/29
----------
train Loss: 1.4575 Acc: 0.5656
val Loss: 1.2101 Acc: 0.5602
Epoch 8/29
----------
train Loss: 1.4531 Acc: 0.5675
val Loss: 1.1810 Acc: 0.5686
Epoch 9/29
----------
train Loss: 1.4432 Acc: 0.5716
val Loss: 1.1854 Acc: 0.5694
Epoch 10/29
----------
train Loss: 1.4402 Acc: 0.5733
val Loss: 1.1784 Acc: 0.5723
Epoch 11/29
----------
train Loss: 1.4388 Acc: 0.5752
val Loss: 1.1767 Acc: 0.5742
Epoch 12/29
----------
train Loss: 1.4363 Acc: 0.5721
val Loss: 1.1696 Acc: 0.5728
Epoch 13/29
----------
train Loss: 1.4314 Acc: 0.5769
val Loss: 1.1733 Acc: 0.5728
Epoch 14/29
----------
train Loss: 1.4275 Acc: 0.5811
val Loss: 1.1644 Acc: 0.5761
Epoch 15/29
----------
train Loss: 1.4258 Acc: 0.5811
val Loss: 1.1680 Acc: 0.5756
Epoch 16/29
----------
train Loss: 1.4254 Acc: 0.5810
val Loss: 1.1703 Acc: 0.5710
Epoch 17/29
----------
train Loss: 1.4266 Acc: 0.5806
val Loss: 1.1549 Acc: 0.5783
Epoch 18/29
----------
train Loss: 1.4283 Acc: 0.5787
val Loss: 1.1626 Acc: 0.5772
Epoch 19/29
----------
train Loss: 1.4222 Acc: 0.5813
val Loss: 1.1641 Acc: 0.5773
Epoch 20/29
----------
train Loss: 1.4250 Acc: 0.5809
val Loss: 1.1653 Acc: 0.5753
Epoch 21/29
----------
train Loss: 1.4242 Acc: 0.5810
val Loss: 1.1644 Acc: 0.5767
Epoch 22/29
----------
train Loss: 1.4240 Acc: 0.5805
val Loss: 1.1690 Acc: 0.5720
Epoch 23/29
----------
train Loss: 1.4238 Acc: 0.5806
val Loss: 1.1619 Acc: 0.5783
Epoch 24/29
----------
train Loss: 1.4226 Acc: 0.5815
val Loss: 1.1595 Acc: 0.5757
Epoch 25/29
----------
train Loss: 1.4221 Acc: 0.5832
val Loss: 1.1582 Acc: 0.5788
Epoch 26/29
----------
train Loss: 1.4235 Acc: 0.5837
val Loss: 1.1663 Acc: 0.5771
Epoch 27/29
----------
train Loss: 1.4247 Acc: 0.5826
val Loss: 1.1574 Acc: 0.5772
Epoch 28/29
----------
train Loss: 1.4212 Acc: 0.5807
val Loss: 1.1608 Acc: 0.5789
Epoch 29/29
----------
train Loss: 1.4225 Acc: 0.5808
val Loss: 1.1696 Acc: 0.5728
Training complete in 7m 44s
Best val Acc: 0.578919
Testing model
Accuracy of the network on the test set: 58 %
Testing adversarial attacks
Attack fgsm, args: {'alpha': 0.5, 'epsilon': 0.1}
Test Accuracy = 462 / 2500 = 0.1848

JOB STATISTICS
==============
Job ID: 8952623
Cluster: snellius
User/Group: scur2818/scur2818
State: COMPLETED (exit code 0)
Nodes: 1
Cores per node: 18
CPU Utilized: 00:17:43
CPU Efficiency: 11.58% of 02:33:00 core-walltime
Job Wall-clock time: 00:08:30
Memory Utilized: 888.20 MB
Memory Efficiency: 2.78% of 31.25 GB
